2022-02-08T09:06:55+00:00 CRITICAL Uncaught Error: Undefined constant "WP_ENVIRONMENT_TYPE" in /opt/lampp/htdocs/KILIFEU_BARBERSHOP/wordpress/wp-content/plugins/woocommerce/packages/woocommerce-admin/src/Schedulers/MailchimpScheduler.php:90
Stack trace:
#0 /opt/lampp/htdocs/KILIFEU_BARBERSHOP/wordpress/wp-content/plugins/woocommerce/packages/woocommerce-admin/src/Schedulers/MailchimpScheduler.php(90): constant('WP_ENVIRONMENT_...')
#1 /opt/lampp/htdocs/KILIFEU_BARBERSHOP/wordpress/wp-content/plugins/woocommerce/packages/woocommerce-admin/src/Schedulers/MailchimpScheduler.php(58): Automattic\WooCommerce\Admin\Schedulers\MailchimpScheduler->make_request('nadiop37@gmail....')
#2 /opt/lampp/htdocs/KILIFEU_BARBERSHOP/wordpress/wp-content/plugins/woocommerce/packages/woocommerce-admin/src/Events.php(113): Automattic\WooCommerce\Admin\Schedulers\MailchimpScheduler->run()
#3 /opt/lampp/htdocs/KILIFEU_BARBERSHOP/wordpress/wp-includes/class-wp-hook.php(307): Automattic\WooCommerce\Admin\Events->do_wc_admin_daily()
#4 /opt/lampp/htdocs/KILIFEU_BARBERSHOP/wordpress/wp-includes/class-wp-hook.php(331): WP_Hook->apply_filters('', Array)
#5 /opt/lampp/htdocs/KILIFEU_BARBERSHOP/wordpress/wp-includes/plugin.php(526): WP_Hook->do_action(Array)
#6 /opt/lampp/htdocs/KILIFEU_BARBERSHOP/wordpress/wp-cron.php(138): do_action_ref_array('wc_admin_daily', Array)
#7 {main}
  thrown dans /opt/lampp/htdocs/KILIFEU_BARBERSHOP/wordpress/wp-content/plugins/woocommerce/packages/woocommerce-admin/src/Schedulers/MailchimpScheduler.php à la ligne 90

2022-02-08T11:20:13+00:00 CRITICAL Uncaught TypeError: count(): Argument #1 ($value) must be of type Countable|array, null given in /opt/lampp/htdocs/KILIFEU_BARBERSHOP/wordpress/wp-content/plugins/woocommerce/packages/woocommerce-admin/src/Features/Marketing.php:270
Stack trace:
#0 /opt/lampp/htdocs/KILIFEU_BARBERSHOP/wordpress/wp-content/plugins/woocommerce/packages/woocommerce-admin/src/Features/Marketing.php(270): count(NULL)
#1 /opt/lampp/htdocs/KILIFEU_BARBERSHOP/wordpress/wp-content/plugins/woocommerce/packages/woocommerce-admin/src/API/Marketing.php(118): Automattic\WooCommerce\Admin\Features\Marketing->get_knowledge_base_posts('marketing')
#2 /opt/lampp/htdocs/KILIFEU_BARBERSHOP/wordpress/wp-includes/rest-api/class-wp-rest-server.php(1141): Automattic\WooCommerce\Admin\API\Marketing->get_knowledge_base_posts(Object(WP_REST_Request))
#3 /opt/lampp/htdocs/KILIFEU_BARBERSHOP/wordpress/wp-includes/rest-api/class-wp-rest-server.php(988): WP_REST_Server->respond_to_request(Object(WP_REST_Request), '/wc-admin/marke...', Array, NULL)
#4 /opt/lampp/htdocs/KILIFEU_BARBERSHOP/wordpress/wp-includes/rest-api/class-wp-rest-server.php(414): WP_REST_Server->dispatch(Object(WP_REST_Request))
#5 /opt/lampp/htdocs/KILIFEU_BARBERSHOP/wordpress/wp-includes/rest-api.php(386): WP_REST_Server->serve_request('/wc-admin/marke...')
#6 /opt/lampp/htdocs/KILIFEU_BARBERSHOP/wordpress/wp-includes/class-wp-hook.php(307): rest_api_loaded(Object(WP))
#7 /opt/lampp/htdocs/KILIFEU_BARBERSHOP/wordpress/wp-includes/class-wp-hook.php(331): WP_Hook->apply_filters(NULL, Array)
#8 /opt/lampp/htdocs/KILIFEU_BARBERSHOP/wordpress/wp-includes/plugin.php(526): WP_Hook->do_action(Array)
#9 /opt/lampp/htdocs/KILIFEU_BARBERSHOP/wordpress/wp-includes/class-wp.php(396): do_action_ref_array('parse_request', Array)
#10 /opt/lampp/htdocs/KILIFEU_BARBERSHOP/wordpress/wp-includes/class-wp.php(758): WP->parse_request('')
#11 /opt/lampp/htdocs/KILIFEU_BARBERSHOP/wordpress/wp-includes/functions.php(1310): WP->main('')
#12 /opt/lampp/htdocs/KILIFEU_BARBERSHOP/wordpress/wp-blog-header.php(16): wp()
#13 /opt/lampp/htdocs/KILIFEU_BARBERSHOP/wordpress/index.php(17): require('/opt/lampp/htdo...')
#14 {main}
  thrown dans /opt/lampp/htdocs/KILIFEU_BARBERSHOP/wordpress/wp-content/plugins/woocommerce/packages/woocommerce-admin/src/Features/Marketing.php à la ligne 270

2022-02-08T12:10:41+00:00 CRITICAL Uncaught Error: Undefined constant "WP_ENVIRONMENT_TYPE" in /opt/lampp/htdocs/KILIFEU_BARBERSHOP/wordpress/wp-content/plugins/woocommerce/packages/woocommerce-admin/src/Schedulers/MailchimpScheduler.php:90
Stack trace:
#0 /opt/lampp/htdocs/KILIFEU_BARBERSHOP/wordpress/wp-content/plugins/woocommerce/packages/woocommerce-admin/src/Schedulers/MailchimpScheduler.php(90): constant('WP_ENVIRONMENT_...')
#1 /opt/lampp/htdocs/KILIFEU_BARBERSHOP/wordpress/wp-content/plugins/woocommerce/packages/woocommerce-admin/src/Schedulers/MailchimpScheduler.php(58): Automattic\WooCommerce\Admin\Schedulers\MailchimpScheduler->make_request('nadiop37@gmail....')
#2 /opt/lampp/htdocs/KILIFEU_BARBERSHOP/wordpress/wp-content/plugins/woocommerce/packages/woocommerce-admin/src/Events.php(113): Automattic\WooCommerce\Admin\Schedulers\MailchimpScheduler->run()
#3 /opt/lampp/htdocs/KILIFEU_BARBERSHOP/wordpress/wp-includes/class-wp-hook.php(307): Automattic\WooCommerce\Admin\Events->do_wc_admin_daily()
#4 /opt/lampp/htdocs/KILIFEU_BARBERSHOP/wordpress/wp-includes/class-wp-hook.php(331): WP_Hook->apply_filters('', Array)
#5 /opt/lampp/htdocs/KILIFEU_BARBERSHOP/wordpress/wp-includes/plugin.php(526): WP_Hook->do_action(Array)
#6 /opt/lampp/htdocs/KILIFEU_BARBERSHOP/wordpress/wp-cron.php(138): do_action_ref_array('wc_admin_daily', Array)
#7 {main}
  thrown dans /opt/lampp/htdocs/KILIFEU_BARBERSHOP/wordpress/wp-content/plugins/woocommerce/packages/woocommerce-admin/src/Schedulers/MailchimpScheduler.php à la ligne 90

